TN:
SF:src/core/error-utils.js
FN:6,(anonymous_0)
FN:20,(anonymous_1)
FN:26,(anonymous_2)
FN:31,(anonymous_3)
FN:53,classifyError
FN:194,determineRecoveryStrategy
FN:255,_ensureCustomErrors
FN:257,(anonymous_7)
FNF:8
FNH:6
FNDA:3,(anonymous_0)
FNDA:3,(anonymous_1)
FNDA:1,(anonymous_2)
FNDA:1,(anonymous_3)
FNDA:0,classifyError
FNDA:0,determineRecoveryStrategy
FNDA:1,_ensureCustomErrors
FNDA:3,(anonymous_7)
DA:7,3
DA:8,3
DA:9,3
DA:10,3
DA:11,3
DA:12,3
DA:13,3
DA:14,3
DA:21,3
DA:27,1
DA:32,1
DA:54,0
DA:55,0
DA:56,0
DA:57,0
DA:58,0
DA:60,0
DA:61,0
DA:62,0
DA:63,0
DA:66,0
DA:71,0
DA:72,0
DA:73,0
DA:74,0
DA:76,0
DA:77,0
DA:78,0
DA:79,0
DA:80,0
DA:83,0
DA:84,0
DA:85,0
DA:86,0
DA:87,0
DA:90,0
DA:91,0
DA:92,0
DA:93,0
DA:95,0
DA:96,0
DA:97,0
DA:98,0
DA:100,0
DA:101,0
DA:102,0
DA:103,0
DA:106,0
DA:107,0
DA:108,0
DA:109,0
DA:111,0
DA:112,0
DA:113,0
DA:114,0
DA:116,0
DA:117,0
DA:118,0
DA:119,0
DA:120,0
DA:125,0
DA:126,0
DA:127,0
DA:128,0
DA:130,0
DA:131,0
DA:132,0
DA:133,0
DA:136,0
DA:137,0
DA:138,0
DA:139,0
DA:140,0
DA:141,0
DA:142,0
DA:143,0
DA:144,0
DA:145,0
DA:147,0
DA:148,0
DA:152,0
DA:153,0
DA:154,0
DA:155,0
DA:156,0
DA:157,0
DA:158,0
DA:159,0
DA:160,0
DA:162,0
DA:163,0
DA:164,0
DA:169,0
DA:172,0
DA:173,0
DA:174,0
DA:177,0
DA:195,0
DA:196,0
DA:198,0
DA:199,0
DA:202,0
DA:203,0
DA:206,0
DA:208,0
DA:209,0
DA:212,0
DA:213,0
DA:219,0
DA:220,0
DA:232,0
DA:233,0
DA:236,0
DA:245,0
DA:250,0
DA:256,1
DA:257,1
DA:258,3
DA:263,1
LF:119
LH:15
BRDA:6,0,0,0
BRDA:6,1,0,0
BRDA:6,2,0,0
BRDA:20,3,0,1
BRDA:20,4,0,1
BRDA:20,5,0,1
BRDA:20,6,0,1
BRDA:26,7,0,1
BRDA:26,8,0,1
BRDA:26,9,0,1
BRDA:31,10,0,1
BRDA:31,11,0,1
BRDA:31,12,0,1
BRDA:31,13,0,1
BRDA:53,14,0,0
BRDA:54,15,0,0
BRDA:54,15,1,0
BRDA:60,16,0,0
BRDA:60,16,1,0
BRDA:62,17,0,0
BRDA:62,17,1,0
BRDA:63,18,0,0
BRDA:63,18,1,0
BRDA:66,19,0,0
BRDA:66,19,1,0
BRDA:66,19,2,0
BRDA:66,19,3,0
BRDA:66,19,4,0
BRDA:66,19,5,0
BRDA:66,19,6,0
BRDA:66,19,7,0
BRDA:66,19,8,0
BRDA:66,19,9,0
BRDA:66,19,10,0
BRDA:66,19,11,0
BRDA:66,19,12,0
BRDA:66,19,13,0
BRDA:66,19,14,0
BRDA:66,19,15,0
BRDA:66,19,16,0
BRDA:125,20,0,0
BRDA:125,20,1,0
BRDA:136,21,0,0
BRDA:136,21,1,0
BRDA:138,22,0,0
BRDA:138,22,1,0
BRDA:138,23,0,0
BRDA:138,23,1,0
BRDA:140,24,0,0
BRDA:140,24,1,0
BRDA:140,25,0,0
BRDA:140,25,1,0
BRDA:142,26,0,0
BRDA:142,26,1,0
BRDA:144,27,0,0
BRDA:144,27,1,0
BRDA:152,28,0,0
BRDA:152,28,1,0
BRDA:152,29,0,0
BRDA:152,29,1,0
BRDA:152,29,2,0
BRDA:156,30,0,0
BRDA:156,30,1,0
BRDA:156,31,0,0
BRDA:156,31,1,0
BRDA:169,32,0,0
BRDA:169,32,1,0
BRDA:169,33,0,0
BRDA:169,33,1,0
BRDA:169,33,2,0
BRDA:169,33,3,0
BRDA:169,33,4,0
BRDA:169,33,5,0
BRDA:196,34,0,0
BRDA:206,35,0,0
BRDA:206,35,1,0
BRDA:206,35,2,0
BRDA:206,35,3,0
BRDA:206,35,4,0
BRDA:206,35,5,0
BRDA:206,35,6,0
BRDA:208,36,0,0
BRDA:208,36,1,0
BRDA:219,37,0,0
BRDA:219,37,1,0
BRDA:240,38,0,0
BRDA:240,38,1,0
BRDA:258,39,0,0
BRDA:258,39,1,3
BRDA:258,40,0,3
BRDA:258,40,1,3
BRDA:258,40,2,3
BRF:92
BRH:15
end_of_record
TN:
SF:src/core/learning-system.js
FN:17,(anonymous_0)
FN:24,(anonymous_1)
FN:30,(anonymous_2)
FN:35,(anonymous_3)
FN:37,(anonymous_4)
FN:41,(anonymous_5)
FN:43,(anonymous_6)
FN:44,(anonymous_7)
FN:45,(anonymous_8)
FN:46,(anonymous_9)
FN:47,(anonymous_10)
FN:48,(anonymous_11)
FN:49,(anonymous_12)
FN:51,(anonymous_13)
FN:51,(anonymous_14)
FN:54,(anonymous_15)
FN:57,(anonymous_16)
FN:61,(anonymous_17)
FN:66,(anonymous_18)
FN:82,(anonymous_19)
FN:87,(anonymous_20)
FN:103,(anonymous_21)
FN:105,(anonymous_22)
FN:107,(anonymous_23)
FN:108,(anonymous_24)
FN:109,(anonymous_25)
FN:110,(anonymous_26)
FN:111,(anonymous_27)
FN:114,(anonymous_28)
FN:126,(anonymous_29)
FN:131,(anonymous_30)
FN:145,(anonymous_31)
FN:147,(anonymous_32)
FN:174,(anonymous_33)
FN:179,(anonymous_34)
FN:180,(anonymous_35)
FN:181,(anonymous_36)
FN:182,(anonymous_37)
FN:183,(anonymous_38)
FN:187,(anonymous_39)
FN:210,(anonymous_40)
FN:224,(anonymous_41)
FN:248,(anonymous_42)
FN:290,(anonymous_43)
FN:290,(anonymous_44)
FN:301,(anonymous_45)
FN:301,(anonymous_46)
FN:306,(anonymous_47)
FN:313,(anonymous_48)
FN:315,(anonymous_49)
FN:326,(anonymous_50)
FN:334,(anonymous_51)
FN:335,(anonymous_52)
FN:356,(anonymous_53)
FN:359,(anonymous_54)
FN:360,(anonymous_55)
FN:365,(anonymous_56)
FN:366,(anonymous_57)
FN:388,(anonymous_58)
FN:396,(anonymous_59)
FN:443,(anonymous_60)
FN:444,(anonymous_61)
FN:497,(anonymous_62)
FN:518,(anonymous_63)
FN:519,(anonymous_64)
FN:548,(anonymous_65)
FN:549,(anonymous_66)
FN:550,(anonymous_67)
FN:551,(anonymous_68)
FN:554,(anonymous_69)
FN:616,(anonymous_70)
FNF:71
FNH:43
FNDA:0,(anonymous_0)
FNDA:11,(anonymous_1)
FNDA:3,(anonymous_2)
FNDA:0,(anonymous_3)
FNDA:1,(anonymous_4)
FNDA:3,(anonymous_5)
FNDA:0,(anonymous_6)
FNDA:0,(anonymous_7)
FNDA:0,(anonymous_8)
FNDA:0,(anonymous_9)
FNDA:0,(anonymous_10)
FNDA:0,(anonymous_11)
FNDA:0,(anonymous_12)
FNDA:0,(anonymous_13)
FNDA:0,(anonymous_14)
FNDA:0,(anonymous_15)
FNDA:2,(anonymous_16)
FNDA:0,(anonymous_17)
FNDA:0,(anonymous_18)
FNDA:11,(anonymous_19)
FNDA:3,(anonymous_20)
FNDA:4,(anonymous_21)
FNDA:3,(anonymous_22)
FNDA:0,(anonymous_23)
FNDA:0,(anonymous_24)
FNDA:0,(anonymous_25)
FNDA:2,(anonymous_26)
FNDA:2,(anonymous_27)
FNDA:1,(anonymous_28)
FNDA:0,(anonymous_29)
FNDA:3,(anonymous_30)
FNDA:0,(anonymous_31)
FNDA:3,(anonymous_32)
FNDA:11,(anonymous_33)
FNDA:3,(anonymous_34)
FNDA:0,(anonymous_35)
FNDA:1,(anonymous_36)
FNDA:2,(anonymous_37)
FNDA:3,(anonymous_38)
FNDA:11,(anonymous_39)
FNDA:11,(anonymous_40)
FNDA:3,(anonymous_41)
FNDA:1,(anonymous_42)
FNDA:0,(anonymous_43)
FNDA:0,(anonymous_44)
FNDA:0,(anonymous_45)
FNDA:0,(anonymous_46)
FNDA:0,(anonymous_47)
FNDA:11,(anonymous_48)
FNDA:0,(anonymous_49)
FNDA:11,(anonymous_50)
FNDA:3,(anonymous_51)
FNDA:11,(anonymous_52)
FNDA:9,(anonymous_53)
FNDA:9,(anonymous_54)
FNDA:9,(anonymous_55)
FNDA:9,(anonymous_56)
FNDA:3,(anonymous_57)
FNDA:0,(anonymous_58)
FNDA:0,(anonymous_59)
FNDA:3,(anonymous_60)
FNDA:9,(anonymous_61)
FNDA:5,(anonymous_62)
FNDA:4,(anonymous_63)
FNDA:10,(anonymous_64)
FNDA:6,(anonymous_65)
FNDA:6,(anonymous_66)
FNDA:6,(anonymous_67)
FNDA:6,(anonymous_68)
FNDA:6,(anonymous_69)
FNDA:11,(anonymous_70)
DA:18,0
DA:26,11
DA:27,11
DA:31,3
DA:32,3
DA:35,0
DA:38,1
DA:39,1
DA:40,1
DA:41,3
DA:43,1
DA:44,1
DA:45,1
DA:46,1
DA:47,1
DA:48,1
DA:49,1
DA:50,1
DA:51,0
DA:53,1
DA:54,0
DA:57,2
DA:62,0
DA:63,0
DA:67,0
DA:68,0
DA:69,0
DA:70,0
DA:71,0
DA:72,0
DA:75,0
DA:76,0
DA:83,11
DA:84,11
DA:88,3
DA:89,3
DA:98,3
DA:99,3
DA:100,3
DA:103,4
DA:106,3
DA:107,3
DA:108,3
DA:109,3
DA:110,3
DA:111,3
DA:113,3
DA:114,1
DA:116,1
DA:117,1
DA:118,1
DA:120,0
DA:121,0
DA:123,1
DA:126,2
DA:128,3
DA:132,3
DA:133,3
DA:134,0
DA:135,0
DA:137,3
DA:138,3
DA:139,3
DA:141,3
DA:142,3
DA:145,0
DA:148,3
DA:149,3
DA:150,3
DA:151,3
DA:152,3
DA:153,2
DA:155,1
DA:157,3
DA:159,3
DA:160,3
DA:162,0
DA:164,3
DA:165,3
DA:167,0
DA:175,11
DA:176,11
DA:179,3
DA:180,0
DA:181,1
DA:182,2
DA:183,3
DA:188,11
DA:189,11
DA:199,11
DA:200,11
DA:201,11
DA:203,11
DA:204,11
DA:205,11
DA:206,11
DA:207,11
DA:211,11
DA:212,0
DA:213,0
DA:215,11
DA:216,11
DA:217,11
DA:218,11
DA:220,0
DA:225,3
DA:226,0
DA:228,3
DA:229,3
DA:240,3
DA:241,3
DA:242,3
DA:244,0
DA:249,1
DA:250,0
DA:251,0
DA:253,1
DA:254,1
DA:255,1
DA:257,1
DA:259,1
DA:260,1
DA:265,1
DA:267,1
DA:268,1
DA:270,1
DA:271,1
DA:272,0
DA:273,0
DA:276,1
DA:277,1
DA:278,1
DA:279,1
DA:280,1
DA:282,1
DA:283,1
DA:284,1
DA:285,1
DA:286,0
DA:287,0
DA:288,0
DA:289,0
DA:290,0
DA:294,1
DA:296,0
DA:299,1
DA:300,1
DA:301,1
DA:302,1
DA:303,1
DA:307,0
DA:308,0
DA:310,0
DA:314,11
DA:315,11
DA:316,0
DA:317,0
DA:318,0
DA:320,0
DA:323,11
DA:327,11
DA:328,11
DA:329,11
DA:330,11
DA:335,11
DA:336,3
DA:339,3
DA:340,3
DA:341,9
DA:342,9
DA:343,3
DA:345,9
DA:348,3
DA:349,3
DA:350,3
DA:351,3
DA:353,3
DA:354,3
DA:355,3
DA:356,9
DA:357,3
DA:359,9
DA:360,3
DA:361,9
DA:364,3
DA:365,9
DA:367,3
DA:368,3
DA:369,3
DA:373,3
DA:374,0
DA:388,0
DA:396,0
DA:403,3
DA:404,1
DA:421,3
DA:422,0
DA:440,3
DA:444,3
DA:445,9
DA:448,3
DA:450,3
DA:451,3
DA:454,3
DA:455,7
DA:456,7
DA:461,7
DA:463,7
DA:464,3
DA:466,7
DA:467,7
DA:468,7
DA:471,3
DA:472,3
DA:473,3
DA:474,3
DA:476,3
DA:477,3
DA:482,3
DA:497,5
DA:515,3
DA:519,4
DA:520,10
DA:523,4
DA:525,4
DA:526,4
DA:529,4
DA:530,8
DA:531,8
DA:536,8
DA:537,4
DA:539,8
DA:542,4
DA:543,4
DA:544,4
DA:545,4
DA:548,6
DA:549,6
DA:550,6
DA:551,6
DA:554,2
DA:555,6
DA:556,2
DA:558,2
DA:564,2
DA:565,0
DA:591,2
DA:592,1
DA:613,4
DA:617,11
DA:618,11
DA:619,11
LF:252
LH:203
BRDA:17,0,0,0
BRDA:17,1,0,0
BRDA:17,2,0,0
BRDA:17,3,0,0
BRDA:35,4,0,0
BRDA:35,4,1,0
BRDA:37,5,0,0
BRDA:37,6,0,0
BRDA:37,7,0,1
BRDA:39,8,0,1
BRDA:39,8,1,0
BRDA:39,9,0,1
BRDA:39,9,1,1
BRDA:43,10,0,0
BRDA:43,10,1,1
BRDA:44,11,0,0
BRDA:44,11,1,1
BRDA:45,12,0,0
BRDA:45,12,1,1
BRDA:46,13,0,0
BRDA:46,13,1,1
BRDA:47,14,0,0
BRDA:47,14,1,1
BRDA:48,15,0,0
BRDA:48,15,1,1
BRDA:49,16,0,0
BRDA:49,16,1,1
BRDA:50,17,0,0
BRDA:50,17,1,1
BRDA:50,18,0,1
BRDA:50,18,1,0
BRDA:53,19,0,0
BRDA:53,19,1,1
BRDA:54,20,0,0
BRDA:54,20,1,0
BRDA:70,21,0,0
BRDA:70,21,1,0
BRDA:75,22,0,0
BRDA:75,22,1,0
BRDA:88,23,0,3
BRDA:88,23,1,3
BRDA:103,24,0,4
BRDA:103,24,1,0
BRDA:105,25,0,0
BRDA:105,26,0,3
BRDA:105,27,0,3
BRDA:107,28,0,0
BRDA:107,28,1,3
BRDA:108,29,0,0
BRDA:108,29,1,3
BRDA:109,30,0,0
BRDA:109,30,1,3
BRDA:110,31,0,1
BRDA:110,31,1,2
BRDA:111,32,0,1
BRDA:111,32,1,2
BRDA:113,33,0,1
BRDA:113,33,1,2
BRDA:116,34,0,1
BRDA:116,34,1,0
BRDA:117,35,0,1
BRDA:117,35,1,0
BRDA:118,36,0,1
BRDA:118,36,1,0
BRDA:120,37,0,0
BRDA:120,37,1,0
BRDA:121,38,0,0
BRDA:121,38,1,0
BRDA:123,39,0,0
BRDA:123,39,1,1
BRDA:133,40,0,0
BRDA:133,40,1,3
BRDA:138,41,0,3
BRDA:138,41,1,0
BRDA:138,42,0,3
BRDA:138,42,1,0
BRDA:149,43,0,3
BRDA:149,43,1,0
BRDA:150,44,0,3
BRDA:150,44,1,0
BRDA:151,45,0,3
BRDA:151,45,1,1
BRDA:152,46,0,2
BRDA:152,46,1,1
BRDA:153,47,0,2
BRDA:153,47,1,1
BRDA:155,48,0,1
BRDA:155,48,1,1
BRDA:159,49,0,3
BRDA:159,49,1,0
BRDA:181,50,0,0
BRDA:187,51,0,0
BRDA:190,52,0,11
BRDA:190,52,1,0
BRDA:191,53,0,11
BRDA:191,53,1,0
BRDA:192,54,0,11
BRDA:192,54,1,0
BRDA:193,55,0,11
BRDA:193,55,1,0
BRDA:194,56,0,11
BRDA:194,56,1,0
BRDA:195,57,0,11
BRDA:195,57,1,0
BRDA:211,58,0,0
BRDA:211,58,1,11
BRDA:225,59,0,0
BRDA:225,59,1,3
BRDA:233,60,0,3
BRDA:233,60,1,0
BRDA:234,61,0,3
BRDA:234,61,1,0
BRDA:237,62,0,3
BRDA:237,62,1,3
BRDA:249,63,0,0
BRDA:249,63,1,1
BRDA:249,64,0,1
BRDA:249,64,1,1
BRDA:250,65,0,0
BRDA:250,65,1,0
BRDA:259,66,0,2
BRDA:259,66,1,1
BRDA:265,67,0,0
BRDA:265,67,1,1
BRDA:268,68,0,0
BRDA:268,68,1,1
BRDA:268,69,0,1
BRDA:268,69,1,1
BRDA:271,70,0,0
BRDA:271,70,1,1
BRDA:271,71,0,1
BRDA:271,71,1,1
BRDA:284,72,0,1
BRDA:284,72,1,0
BRDA:285,73,0,0
BRDA:285,73,1,1
BRDA:288,74,0,0
BRDA:288,74,1,0
BRDA:306,75,0,0
BRDA:307,76,0,0
BRDA:307,76,1,0
BRDA:307,77,0,0
BRDA:307,77,1,0
BRDA:314,78,0,0
BRDA:314,78,1,11
BRDA:327,79,0,11
BRDA:327,79,1,0
BRDA:336,80,0,0
BRDA:336,80,1,3
BRDA:341,81,0,9
BRDA:341,81,1,1
BRDA:342,82,0,3
BRDA:342,82,1,6
BRDA:359,83,0,9
BRDA:359,83,1,1
BRDA:361,84,0,9
BRDA:361,84,1,1
BRDA:368,85,0,3
BRDA:368,85,1,2
BRDA:373,86,0,0
BRDA:373,86,1,3
BRDA:373,87,0,3
BRDA:373,87,1,2
BRDA:403,88,0,1
BRDA:403,88,1,2
BRDA:421,89,0,0
BRDA:421,89,1,3
BRDA:445,90,0,9
BRDA:445,90,1,8
BRDA:445,90,2,1
BRDA:448,91,0,0
BRDA:448,91,1,3
BRDA:455,92,0,7
BRDA:455,92,1,0
BRDA:461,93,0,7
BRDA:461,93,1,0
BRDA:461,94,0,7
BRDA:461,94,1,2
BRDA:463,95,0,3
BRDA:463,95,1,4
BRDA:476,96,0,3
BRDA:476,96,1,0
BRDA:476,97,0,3
BRDA:476,97,1,2
BRDA:478,98,0,3
BRDA:478,98,1,0
BRDA:479,99,0,1
BRDA:479,99,1,2
BRDA:490,100,0,3
BRDA:490,100,1,0
BRDA:491,101,0,1
BRDA:491,101,1,2
BRDA:504,102,0,3
BRDA:504,102,1,0
BRDA:506,103,0,3
BRDA:506,103,1,0
BRDA:520,104,0,10
BRDA:520,104,1,9
BRDA:523,105,0,0
BRDA:523,105,1,4
BRDA:530,106,0,8
BRDA:530,106,1,0
BRDA:533,107,0,8
BRDA:533,107,1,2
BRDA:536,108,0,4
BRDA:536,108,1,4
BRDA:545,109,0,2
BRDA:545,109,1,2
BRDA:548,110,0,6
BRDA:548,110,1,0
BRDA:550,111,0,6
BRDA:550,111,1,3
BRDA:564,112,0,0
BRDA:564,112,1,2
BRDA:564,113,0,2
BRDA:564,113,1,2
BRDA:569,114,0,0
BRDA:569,114,1,0
BRDA:583,115,0,0
BRDA:583,115,1,0
BRDA:591,116,0,1
BRDA:591,116,1,1
BRF:222
BRH:130
end_of_record
